<?xml version="1.0" encoding="UTF-8"?>
<!-- Generated by org.testng.reporters.JUnitReportReporter -->
<testsuite hostname="DESKTOP-8NSSE1F" failures="0" tests="3" name="com.app.nit.MynewProject123.Testng" time="0.060" errors="0" timestamp="2023-01-28T13:49:22 IST" skipped="0">
  <testcase classname="com.app.nit.MynewProject123.Testng" name="t3" time="0.015"/>
  <system-out/>
  <testcase classname="com.app.nit.MynewProject123.Testng" name="t1" time="0.032"/>
  <system-out/>
  <testcase classname="com.app.nit.MynewProject123.Testng" name="t2" time="0.013"/>
  <system-out/>
</testsuite> <!-- com.app.nit.MynewProject123.Testng -->
